

================================================================
== Vitis HLS Report for 'filter2d_accel'
================================================================
* Date:           Thu Aug 11 02:26:07 2022

* Version:        2021.2 (Build 3367213 on Tue Oct 19 02:48:09 MDT 2021)
* Project:        filter2D_hls_prj_1
* Solution:       solution1 (Vivado IP Flow Target)
* Product family: zynq
* Target device:  xc7z020-clg484-1


================================================================
== Performance Estimates
================================================================
+ Timing: 
    * Summary: 
    +--------+----------+----------+------------+
    |  Clock |  Target  | Estimated| Uncertainty|
    +--------+----------+----------+------------+
    |ap_clk  |  10.00 ns|  7.300 ns|     2.70 ns|
    +--------+----------+----------+------------+

+ Latency: 
    * Summary: 
    +---------+---------+----------+----------+-----+-------+---------+
    |  Latency (cycles) |  Latency (absolute) |   Interval  | Pipeline|
    |   min   |   max   |    min   |    max   | min |  max  |   Type  |
    +---------+---------+----------+----------+-----+-------+---------+
    |       27|    19691|  0.270 us|  0.197 ms|   28|  19692|       no|
    +---------+---------+----------+----------+-----+-------+---------+

    + Detail: 
        * Instance: 
        +--------------------------------------------------------------------+---------------------------------------------------------+---------+---------+-----------+----------+-----+-----+---------+
        |                                                                    |                                                         |  Latency (cycles) |  Latency (absolute)  |  Interval | Pipeline|
        |                              Instance                              |                          Module                         |   min   |   max   |    min    |    max   | min | max |   Type  |
        +--------------------------------------------------------------------+---------------------------------------------------------+---------+---------+-----------+----------+-----+-----+---------+
        |grp_filter2d_accel_Pipeline_1_fu_272                                |filter2d_accel_Pipeline_1                                |       11|       11|   0.110 us|  0.110 us|   11|   11|       no|
        |grp_filter2d_accel_Pipeline_VITIS_LOOP_48_1_VITIS_LOOP_51_2_fu_282  |filter2d_accel_Pipeline_VITIS_LOOP_48_1_VITIS_LOOP_51_2  |       11|       11|   0.110 us|  0.110 us|   11|   11|       no|
        |grp_filter2d_accel_Pipeline_VITIS_LOOP_60_3_fu_298                  |filter2d_accel_Pipeline_VITIS_LOOP_60_3                  |        4|      131|  40.000 ns|  1.310 us|    4|  131|       no|
        |grp_filter2d_accel_Pipeline_VITIS_LOOP_89_5_fu_307                  |filter2d_accel_Pipeline_VITIS_LOOP_89_5                  |       25|      150|   0.250 us|  1.500 us|   25|  150|       no|
        +--------------------------------------------------------------------+---------------------------------------------------------+---------+---------+-----------+----------+-----+-----+---------+

        * Loop: 
        +-------------------+---------+---------+----------+-----------+-----------+---------+----------+
        |                   |  Latency (cycles) | Iteration|  Initiation Interval  |   Trip  |          |
        |     Loop Name     |   min   |   max   |  Latency |  achieved |   target  |  Count  | Pipelined|
        +-------------------+---------+---------+----------+-----------+-----------+---------+----------+
        |- VITIS_LOOP_69_4  |        4|    19530|   4 ~ 155|          -|          -|  1 ~ 126|        no|
        +-------------------+---------+---------+----------+-----------+-----------+---------+----------+



================================================================
== Utilization Estimates
================================================================
* Summary: 
+-----------------+---------+-----+--------+-------+-----+
|       Name      | BRAM_18K| DSP |   FF   |  LUT  | URAM|
+-----------------+---------+-----+--------+-------+-----+
|DSP              |        -|    -|       -|      -|    -|
|Expression       |        -|    -|       0|   1378|    -|
|FIFO             |        -|    -|       -|      -|    -|
|Instance         |        6|   27|    5066|   2769|    0|
|Memory           |        1|    -|       0|      0|    0|
|Multiplexer      |        -|    -|       -|    630|    -|
|Register         |        -|    -|    1415|      -|    -|
+-----------------+---------+-----+--------+-------+-----+
|Total            |        7|   27|    6481|   4777|    0|
+-----------------+---------+-----+--------+-------+-----+
|Available        |      280|  220|  106400|  53200|    0|
+-----------------+---------+-----+--------+-------+-----+
|Utilization (%)  |        2|   12|       6|      8|    0|
+-----------------+---------+-----+--------+-------+-----+

+ Detail: 
    * Instance: 
    +--------------------------------------------------------------------+---------------------------------------------------------+---------+----+------+------+-----+
    |                              Instance                              |                          Module                         | BRAM_18K| DSP|  FF  |  LUT | URAM|
    +--------------------------------------------------------------------+---------------------------------------------------------+---------+----+------+------+-----+
    |CTRL_s_axi_U                                                        |CTRL_s_axi                                               |        0|   0|   119|   170|    0|
    |control_s_axi_U                                                     |control_s_axi                                            |        0|   0|   240|   424|    0|
    |grp_filter2d_accel_Pipeline_1_fu_272                                |filter2d_accel_Pipeline_1                                |        0|   0|    18|   126|    0|
    |grp_filter2d_accel_Pipeline_VITIS_LOOP_48_1_VITIS_LOOP_51_2_fu_282  |filter2d_accel_Pipeline_VITIS_LOOP_48_1_VITIS_LOOP_51_2  |        0|   0|   303|   139|    0|
    |grp_filter2d_accel_Pipeline_VITIS_LOOP_60_3_fu_298                  |filter2d_accel_Pipeline_VITIS_LOOP_60_3                  |        0|   0|    62|    83|    0|
    |grp_filter2d_accel_Pipeline_VITIS_LOOP_89_5_fu_307                  |filter2d_accel_Pipeline_VITIS_LOOP_89_5                  |        2|  27|  3812|  1247|    0|
    |gmem_m_axi_U                                                        |gmem_m_axi                                               |        4|   0|   512|   580|    0|
    +--------------------------------------------------------------------+---------------------------------------------------------+---------+----+------+------+-----+
    |Total                                                               |                                                         |        6|  27|  5066|  2769|    0|
    +--------------------------------------------------------------------+---------------------------------------------------------+---------+----+------+------+-----+

    * DSP: 
    N/A

    * Memory: 
    +--------------+--------------------------------------------------------------------+---------+---+----+-----+------+-----+------+-------------+
    |    Memory    |                               Module                               | BRAM_18K| FF| LUT| URAM| Words| Bits| Banks| W*Bits*Banks|
    +--------------+--------------------------------------------------------------------+---------+---+----+-----+------+-----+------+-------------+
    |LineBuffer_U  |filter2d_accel_Pipeline_VITIS_LOOP_89_5_LineBuffer_1_RAM_AUTO_1R1W  |        1|  0|   0|    0|   128|   32|     1|         4096|
    +--------------+--------------------------------------------------------------------+---------+---+----+-----+------+-----+------+-------------+
    |Total         |                                                                    |        1|  0|   0|    0|   128|   32|     1|         4096|
    +--------------+--------------------------------------------------------------------+---------+---+----+-----+------+-----+------+-------------+

    * FIFO: 
    N/A

    * Expression: 
    +----------------------------------------+----------+----+---+----+------------+------------+
    |              Variable Name             | Operation| DSP| FF| LUT| Bitwidth P0| Bitwidth P1|
    +----------------------------------------+----------+----+---+----+------------+------------+
    |add_ln114_1_fu_458_p2                   |         +|   0|  0|  15|           8|           3|
    |add_ln114_fu_922_p2                     |         +|   0|  0|  71|          64|          64|
    |add_ln44_fu_594_p2                      |         +|   0|  0|  71|          64|          64|
    |add_ln69_fu_938_p2                      |         +|   0|  0|  39|          32|           1|
    |add_ln89_fu_453_p2                      |         +|   0|  0|  38|          31|           3|
    |empty_39_fu_553_p2                      |         +|   0|  0|  71|          64|          64|
    |img_in_addr_0_lcssa75_sum142_fu_536_p2  |         +|   0|  0|  40|          33|          33|
    |lb_r_i_1_fu_932_p2                      |         +|   0|  0|  39|          32|           1|
    |ap_block_state11_io                     |       and|   0|  0|   2|           1|           1|
    |ap_block_state19_on_subcall_done        |       and|   0|  0|   2|           1|           1|
    |ap_block_state23_on_subcall_done        |       and|   0|  0|   2|           1|           1|
    |cmp3629_fu_448_p2                       |      icmp|   0|  0|  18|          32|           2|
    |icmp_ln115_fu_960_p2                    |      icmp|   0|  0|  18|          32|           2|
    |icmp_ln60_fu_374_p2                     |      icmp|   0|  0|  18|          32|           1|
    |icmp_ln69_fu_509_p2                     |      icmp|   0|  0|  18|          32|          32|
    |icmp_ln73_1_fu_520_p2                   |      icmp|   0|  0|  18|          32|           1|
    |icmp_ln73_2_fu_526_p2                   |      icmp|   0|  0|  18|          32|           2|
    |icmp_ln73_fu_514_p2                     |      icmp|   0|  0|  18|          32|           1|
    |icmp_ln86_1_fu_687_p2                   |      icmp|   0|  0|   8|           2|           1|
    |icmp_ln86_fu_673_p2                     |      icmp|   0|  0|   8|           2|           1|
    |icmp_ln87_1_fu_735_p2                   |      icmp|   0|  0|   8|           2|           1|
    |icmp_ln87_fu_721_p2                     |      icmp|   0|  0|   8|           2|           1|
    |icmp_ln88_1_fu_823_p2                   |      icmp|   0|  0|   8|           2|           1|
    |icmp_ln88_fu_809_p2                     |      icmp|   0|  0|   8|           2|           1|
    |ap_block_state10_on_subcall_done        |        or|   0|  0|   2|           1|           1|
    |or_ln73_fu_627_p2                       |        or|   0|  0|   2|           1|           1|
    |or_ln88_1_fu_859_p2                     |        or|   0|  0|   2|           1|           1|
    |or_ln88_fu_853_p2                       |        or|   0|  0|   2|           1|           1|
    |btm_1_fu_613_p3                         |    select|   0|  0|  32|           1|           1|
    |btm_2_fu_661_p3                         |    select|   0|  0|  32|           1|          32|
    |lb_r_i_2_fu_965_p3                      |    select|   0|  0|  32|           1|           1|
    |mid_1_fu_606_p3                         |    select|   0|  0|  32|           1|           1|
    |mid_2_fu_646_p3                         |    select|   0|  0|  32|           1|          32|
    |select_ln73_4_fu_639_p3                 |    select|   0|  0|   2|           1|           1|
    |select_ln73_6_fu_654_p3                 |    select|   0|  0|   2|           1|           2|
    |select_ln73_fu_620_p3                   |    select|   0|  0|   2|           1|           1|
    |select_ln86_1_fu_693_p3                 |    select|   0|  0|  32|           1|          32|
    |select_ln86_2_fu_701_p3                 |    select|   0|  0|  32|           1|           1|
    |select_ln86_3_fu_709_p3                 |    select|   0|  0|  32|           1|          32|
    |select_ln86_fu_679_p3                   |    select|   0|  0|  32|           1|          32|
    |select_ln87_1_fu_741_p3                 |    select|   0|  0|  32|           1|          32|
    |select_ln87_2_fu_749_p3                 |    select|   0|  0|  32|           1|           1|
    |select_ln87_3_fu_757_p3                 |    select|   0|  0|  32|           1|          32|
    |select_ln87_fu_727_p3                   |    select|   0|  0|  32|           1|          32|
    |select_ln88_1_fu_773_p3                 |    select|   0|  0|  32|           1|          32|
    |select_ln88_2_fu_781_p3                 |    select|   0|  0|  32|           1|           1|
    |select_ln88_3_fu_789_p3                 |    select|   0|  0|  32|           1|          32|
    |select_ln88_4_fu_797_p3                 |    select|   0|  0|  32|           1|           1|
    |select_ln88_5_fu_815_p3                 |    select|   0|  0|  32|           1|          32|
    |select_ln88_6_fu_829_p3                 |    select|   0|  0|  32|           1|          32|
    |select_ln88_7_fu_837_p3                 |    select|   0|  0|  32|           1|           1|
    |select_ln88_8_fu_845_p3                 |    select|   0|  0|  32|           1|          32|
    |select_ln88_9_fu_865_p3                 |    select|   0|  0|  32|           1|           1|
    |select_ln88_fu_765_p3                   |    select|   0|  0|  32|           1|          32|
    |top_1_fu_599_p3                         |    select|   0|  0|  32|           1|           2|
    |top_2_fu_631_p3                         |    select|   0|  0|  32|           1|          32|
    +----------------------------------------+----------+----+---+----+------------+------------+
    |Total                                   |          |   0|  0|1378|         599|         782|
    +----------------------------------------+----------+----+---+----+------------+------------+

    * Multiplexer: 
    +--------------------------------------------------+-----+-----------+-----+-----------+
    |                       Name                       | LUT | Input Size| Bits| Total Bits|
    +--------------------------------------------------+-----+-----------+-----+-----------+
    |LineBuffer_address0                               |   14|          3|    7|         21|
    |LineBuffer_ce0                                    |   14|          3|    1|          3|
    |LineBuffer_ce1                                    |    9|          2|    1|          2|
    |LineBuffer_d0                                     |   14|          3|   32|         96|
    |LineBuffer_we0                                    |   14|          3|    1|          3|
    |WindowBuffer_0_fu_190                             |   14|          3|   32|         96|
    |WindowBuffer_1_0_fu_194                           |   14|          3|   32|         96|
    |WindowBuffer_3_0_fu_198                           |   14|          3|   32|         96|
    |WindowBuffer_4_0_fu_202                           |   14|          3|   32|         96|
    |WindowBuffer_6_0_fu_206                           |   14|          3|   32|         96|
    |WindowBuffer_7_0_fu_210                           |   14|          3|   32|         96|
    |ap_NS_fsm                                         |  113|         25|    1|         25|
    |ap_phi_mux_img_in_addr_0_lcssa_idx_phi_fu_265_p4  |    9|          2|   31|         62|
    |gmem_ARADDR                                       |   31|          6|   64|        384|
    |gmem_ARBURST                                      |   20|          4|    2|          8|
    |gmem_ARCACHE                                      |   20|          4|    4|         16|
    |gmem_ARID                                         |   20|          4|    1|          4|
    |gmem_ARLEN                                        |   31|          6|   32|        192|
    |gmem_ARLOCK                                       |   20|          4|    2|          8|
    |gmem_ARPROT                                       |   20|          4|    3|         12|
    |gmem_ARQOS                                        |   20|          4|    4|         16|
    |gmem_ARREGION                                     |   20|          4|    4|         16|
    |gmem_ARSIZE                                       |   20|          4|    3|         12|
    |gmem_ARUSER                                       |   20|          4|    1|          4|
    |gmem_ARVALID                                      |   25|          5|    1|          5|
    |gmem_AWVALID                                      |    9|          2|    1|          2|
    |gmem_BREADY                                       |    9|          2|    1|          2|
    |gmem_RREADY                                       |   20|          4|    1|          4|
    |gmem_WVALID                                       |    9|          2|    1|          2|
    |gmem_blk_n_AR                                     |    9|          2|    1|          2|
    |img_in_addr_0_lcssa_idx_reg_261                   |    9|          2|   31|         62|
    |img_out_addr_039_idx_fu_214                       |    9|          2|   64|        128|
    |lb_r_i_fu_182                                     |    9|          2|   32|         64|
    |row_fu_186                                        |    9|          2|   32|         64|
    +--------------------------------------------------+-----+-----------+-----+-----------+
    |Total                                             |  630|        132|  551|       1795|
    +--------------------------------------------------+-----+-----------+-----+-----------+

    * Register: 
    +---------------------------------------------------------------------------------+----+----+-----+-----------+
    |                                       Name                                      | FF | LUT| Bits| Const Bits|
    +---------------------------------------------------------------------------------+----+----+-----+-----------+
    |WindowBuffer_0_fu_190                                                            |  32|   0|   32|          0|
    |WindowBuffer_1_0_fu_194                                                          |  32|   0|   32|          0|
    |WindowBuffer_3_0_fu_198                                                          |  32|   0|   32|          0|
    |WindowBuffer_4_0_fu_202                                                          |  32|   0|   32|          0|
    |WindowBuffer_6_0_fu_206                                                          |  32|   0|   32|          0|
    |WindowBuffer_7_0_fu_210                                                          |  32|   0|   32|          0|
    |add_ln89_reg_1269                                                                |  31|   0|   31|          0|
    |ap_CS_fsm                                                                        |  24|   0|   24|          0|
    |btm_2_reg_1322                                                                   |  32|   0|   32|          0|
    |btm_fu_178                                                                       |  32|   0|   32|          0|
    |cmp3629_reg_1265                                                                 |   1|   0|    1|          0|
    |cols_read_reg_977                                                                |  32|   0|   32|          0|
    |empty_36_reg_1098                                                                |   8|   0|    8|          0|
    |empty_39_reg_1305                                                                |  64|   0|   64|          0|
    |empty_reg_1000                                                                   |  31|   0|   31|          0|
    |grp_filter2d_accel_Pipeline_1_fu_272_ap_start_reg                                |   1|   0|    1|          0|
    |grp_filter2d_accel_Pipeline_VITIS_LOOP_48_1_VITIS_LOOP_51_2_fu_282_ap_start_reg  |   1|   0|    1|          0|
    |grp_filter2d_accel_Pipeline_VITIS_LOOP_60_3_fu_298_ap_start_reg                  |   1|   0|    1|          0|
    |grp_filter2d_accel_Pipeline_VITIS_LOOP_89_5_fu_307_ap_start_reg                  |   1|   0|    1|          0|
    |icmp_ln60_reg_1114                                                               |   1|   0|    1|          0|
    |icmp_ln73_1_reg_1292                                                             |   1|   0|    1|          0|
    |icmp_ln73_2_reg_1297                                                             |   1|   0|    1|          0|
    |icmp_ln73_reg_1285                                                               |   1|   0|    1|          0|
    |img_in_addr_0_lcssa_idx_reg_261                                                  |  31|   0|   31|          0|
    |img_in_read_reg_994                                                              |  64|   0|   64|          0|
    |img_out_addr_039_idx_fu_214                                                      |  64|   0|   64|          0|
    |img_out_read_reg_989                                                             |  64|   0|   64|          0|
    |lb_r_i_1_reg_1373                                                                |  32|   0|   32|          0|
    |lb_r_i_fu_182                                                                    |  32|   0|   32|          0|
    |mid_2_reg_1316                                                                   |  32|   0|   32|          0|
    |mid_fu_174                                                                       |  32|   0|   32|          0|
    |row_fu_186                                                                       |  32|   0|   32|          0|
    |rows_read_reg_984                                                                |  32|   0|   32|          0|
    |select_ln88_1_reg_1328                                                           |  32|   0|   32|          0|
    |select_ln88_3_reg_1333                                                           |  32|   0|   32|          0|
    |select_ln88_4_reg_1338                                                           |  32|   0|   32|          0|
    |select_ln88_6_reg_1348                                                           |  32|   0|   32|          0|
    |select_ln88_8_reg_1353                                                           |  32|   0|   32|          0|
    |select_ln88_9_reg_1358                                                           |  32|   0|   32|          0|
    |top_2_reg_1310                                                                   |  32|   0|   32|          0|
    |top_fu_170                                                                       |  32|   0|   32|          0|
    |trunc_ln1_reg_1163                                                               |  62|   0|   62|          0|
    |trunc_ln5_reg_1363                                                               |  62|   0|   62|          0|
    |trunc_ln6_reg_1368                                                               |  62|   0|   62|          0|
    |trunc_ln88_reg_1343                                                              |   2|   0|    2|          0|
    |trunc_ln_reg_1103                                                                |  62|   0|   62|          0|
    |zext_ln114_reg_1274                                                              |   8|   0|   64|         56|
    |zext_ln27_reg_1260                                                               |  31|   0|   33|          2|
    +---------------------------------------------------------------------------------+----+----+-----+-----------+
    |Total                                                                            |1415|   0| 1473|         58|
    +---------------------------------------------------------------------------------+----+----+-----+-----------+



================================================================
== Interface
================================================================
* Summary: 
+-----------------------+-----+-----+------------+----------------+--------------+
|       RTL Ports       | Dir | Bits|  Protocol  |  Source Object |    C Type    |
+-----------------------+-----+-----+------------+----------------+--------------+
|s_axi_CTRL_AWVALID     |   in|    1|       s_axi|            CTRL|        scalar|
|s_axi_CTRL_AWREADY     |  out|    1|       s_axi|            CTRL|        scalar|
|s_axi_CTRL_AWADDR      |   in|    5|       s_axi|            CTRL|        scalar|
|s_axi_CTRL_WVALID      |   in|    1|       s_axi|            CTRL|        scalar|
|s_axi_CTRL_WREADY      |  out|    1|       s_axi|            CTRL|        scalar|
|s_axi_CTRL_WDATA       |   in|   32|       s_axi|            CTRL|        scalar|
|s_axi_CTRL_WSTRB       |   in|    4|       s_axi|            CTRL|        scalar|
|s_axi_CTRL_ARVALID     |   in|    1|       s_axi|            CTRL|        scalar|
|s_axi_CTRL_ARREADY     |  out|    1|       s_axi|            CTRL|        scalar|
|s_axi_CTRL_ARADDR      |   in|    5|       s_axi|            CTRL|        scalar|
|s_axi_CTRL_RVALID      |  out|    1|       s_axi|            CTRL|        scalar|
|s_axi_CTRL_RREADY      |   in|    1|       s_axi|            CTRL|        scalar|
|s_axi_CTRL_RDATA       |  out|   32|       s_axi|            CTRL|        scalar|
|s_axi_CTRL_RRESP       |  out|    2|       s_axi|            CTRL|        scalar|
|s_axi_CTRL_BVALID      |  out|    1|       s_axi|            CTRL|        scalar|
|s_axi_CTRL_BREADY      |   in|    1|       s_axi|            CTRL|        scalar|
|s_axi_CTRL_BRESP       |  out|    2|       s_axi|            CTRL|        scalar|
|s_axi_control_AWVALID  |   in|    1|       s_axi|         control|        scalar|
|s_axi_control_AWREADY  |  out|    1|       s_axi|         control|        scalar|
|s_axi_control_AWADDR   |   in|    6|       s_axi|         control|        scalar|
|s_axi_control_WVALID   |   in|    1|       s_axi|         control|        scalar|
|s_axi_control_WREADY   |  out|    1|       s_axi|         control|        scalar|
|s_axi_control_WDATA    |   in|   32|       s_axi|         control|        scalar|
|s_axi_control_WSTRB    |   in|    4|       s_axi|         control|        scalar|
|s_axi_control_ARVALID  |   in|    1|       s_axi|         control|        scalar|
|s_axi_control_ARREADY  |  out|    1|       s_axi|         control|        scalar|
|s_axi_control_ARADDR   |   in|    6|       s_axi|         control|        scalar|
|s_axi_control_RVALID   |  out|    1|       s_axi|         control|        scalar|
|s_axi_control_RREADY   |   in|    1|       s_axi|         control|        scalar|
|s_axi_control_RDATA    |  out|   32|       s_axi|         control|        scalar|
|s_axi_control_RRESP    |  out|    2|       s_axi|         control|        scalar|
|s_axi_control_BVALID   |  out|    1|       s_axi|         control|        scalar|
|s_axi_control_BREADY   |   in|    1|       s_axi|         control|        scalar|
|s_axi_control_BRESP    |  out|    2|       s_axi|         control|        scalar|
|ap_local_block         |  out|    1|  ap_ctrl_hs|  filter2d_accel|  return value|
|ap_clk                 |   in|    1|  ap_ctrl_hs|  filter2d_accel|  return value|
|ap_rst_n               |   in|    1|  ap_ctrl_hs|  filter2d_accel|  return value|
|interrupt              |  out|    1|  ap_ctrl_hs|  filter2d_accel|  return value|
|m_axi_gmem_AWVALID     |  out|    1|       m_axi|            gmem|       pointer|
|m_axi_gmem_AWREADY     |   in|    1|       m_axi|            gmem|       pointer|
|m_axi_gmem_AWADDR      |  out|   64|       m_axi|            gmem|       pointer|
|m_axi_gmem_AWID        |  out|    1|       m_axi|            gmem|       pointer|
|m_axi_gmem_AWLEN       |  out|    8|       m_axi|            gmem|       pointer|
|m_axi_gmem_AWSIZE      |  out|    3|       m_axi|            gmem|       pointer|
|m_axi_gmem_AWBURST     |  out|    2|       m_axi|            gmem|       pointer|
|m_axi_gmem_AWLOCK      |  out|    2|       m_axi|            gmem|       pointer|
|m_axi_gmem_AWCACHE     |  out|    4|       m_axi|            gmem|       pointer|
|m_axi_gmem_AWPROT      |  out|    3|       m_axi|            gmem|       pointer|
|m_axi_gmem_AWQOS       |  out|    4|       m_axi|            gmem|       pointer|
|m_axi_gmem_AWREGION    |  out|    4|       m_axi|            gmem|       pointer|
|m_axi_gmem_AWUSER      |  out|    1|       m_axi|            gmem|       pointer|
|m_axi_gmem_WVALID      |  out|    1|       m_axi|            gmem|       pointer|
|m_axi_gmem_WREADY      |   in|    1|       m_axi|            gmem|       pointer|
|m_axi_gmem_WDATA       |  out|   32|       m_axi|            gmem|       pointer|
|m_axi_gmem_WSTRB       |  out|    4|       m_axi|            gmem|       pointer|
|m_axi_gmem_WLAST       |  out|    1|       m_axi|            gmem|       pointer|
|m_axi_gmem_WID         |  out|    1|       m_axi|            gmem|       pointer|
|m_axi_gmem_WUSER       |  out|    1|       m_axi|            gmem|       pointer|
|m_axi_gmem_ARVALID     |  out|    1|       m_axi|            gmem|       pointer|
|m_axi_gmem_ARREADY     |   in|    1|       m_axi|            gmem|       pointer|
|m_axi_gmem_ARADDR      |  out|   64|       m_axi|            gmem|       pointer|
|m_axi_gmem_ARID        |  out|    1|       m_axi|            gmem|       pointer|
|m_axi_gmem_ARLEN       |  out|    8|       m_axi|            gmem|       pointer|
|m_axi_gmem_ARSIZE      |  out|    3|       m_axi|            gmem|       pointer|
|m_axi_gmem_ARBURST     |  out|    2|       m_axi|            gmem|       pointer|
|m_axi_gmem_ARLOCK      |  out|    2|       m_axi|            gmem|       pointer|
|m_axi_gmem_ARCACHE     |  out|    4|       m_axi|            gmem|       pointer|
|m_axi_gmem_ARPROT      |  out|    3|       m_axi|            gmem|       pointer|
|m_axi_gmem_ARQOS       |  out|    4|       m_axi|            gmem|       pointer|
|m_axi_gmem_ARREGION    |  out|    4|       m_axi|            gmem|       pointer|
|m_axi_gmem_ARUSER      |  out|    1|       m_axi|            gmem|       pointer|
|m_axi_gmem_RVALID      |   in|    1|       m_axi|            gmem|       pointer|
|m_axi_gmem_RREADY      |  out|    1|       m_axi|            gmem|       pointer|
|m_axi_gmem_RDATA       |   in|   32|       m_axi|            gmem|       pointer|
|m_axi_gmem_RLAST       |   in|    1|       m_axi|            gmem|       pointer|
|m_axi_gmem_RID         |   in|    1|       m_axi|            gmem|       pointer|
|m_axi_gmem_RUSER       |   in|    1|       m_axi|            gmem|       pointer|
|m_axi_gmem_RRESP       |   in|    2|       m_axi|            gmem|       pointer|
|m_axi_gmem_BVALID      |   in|    1|       m_axi|            gmem|       pointer|
|m_axi_gmem_BREADY      |  out|    1|       m_axi|            gmem|       pointer|
|m_axi_gmem_BRESP       |   in|    2|       m_axi|            gmem|       pointer|
|m_axi_gmem_BID         |   in|    1|       m_axi|            gmem|       pointer|
|m_axi_gmem_BUSER       |   in|    1|       m_axi|            gmem|       pointer|
+-----------------------+-----+-----+------------+----------------+--------------+

